e:\repos\skidware-inject\skidware\build\etc\vc143.pdb
e:\repos\skidware-inject\skidware\build\etc\vc143.idb
e:\repos\skidware-inject\skidware\build\etc\fastplace.obj
e:\repos\skidware-inject\skidware\build\etc\eagle.obj
e:\repos\skidware-inject\skidware\build\etc\blink.obj
e:\repos\skidware-inject\skidware\build\etc\velocity.obj
e:\repos\skidware-inject\skidware\build\etc\reach.obj
e:\repos\skidware-inject\skidware\build\etc\antibot.obj
e:\repos\skidware-inject\skidware\build\etc\aimassist.obj
e:\repos\skidware-inject\skidware\build\etc\rightautoclicker.obj
e:\repos\skidware-inject\skidware\build\etc\leftautoclicker.obj
e:\repos\skidware-inject\skidware\build\etc\timerhack.obj
e:\repos\skidware-inject\skidware\build\etc\speed.obj
e:\repos\skidware-inject\skidware\build\etc\nofall.obj
e:\repos\skidware-inject\skidware\build\etc\longjump.obj
e:\repos\skidware-inject\skidware\build\etc\killaura.obj
e:\repos\skidware-inject\skidware\build\etc\flight.obj
e:\repos\skidware-inject\skidware\build\etc\modulemanager.obj
e:\repos\skidware-inject\skidware\build\etc\abstractmodule.obj
e:\repos\skidware-inject\skidware\build\etc\wsa.obj
e:\repos\skidware-inject\skidware\build\etc\walkingupdate.obj
e:\repos\skidware-inject\skidware\build\etc\eventupdate.obj
e:\repos\skidware-inject\skidware\build\etc\imgui.obj
e:\repos\skidware-inject\skidware\build\etc\entityplayer.obj
e:\repos\skidware-inject\skidware\build\etc\list.obj
e:\repos\skidware-inject\skidware\build\etc\entitylivingbase.obj
e:\repos\skidware-inject\skidware\build\etc\set.obj
e:\repos\skidware-inject\skidware\build\etc\activerenderinfo.obj
e:\repos\skidware-inject\skidware\build\etc\floatbuffer.obj
e:\repos\skidware-inject\skidware\build\etc\rendermanager.obj
e:\repos\skidware-inject\skidware\build\etc\borderless.obj
e:\repos\skidware-inject\skidware\build\etc\chunk.obj
e:\repos\skidware-inject\skidware\build\etc\gamesettings.obj
e:\repos\skidware-inject\skidware\build\etc\axisalignedbb.obj
e:\repos\skidware-inject\skidware\build\etc\movingobjectposition.obj
e:\repos\skidware-inject\skidware\build\etc\blockpos.obj
e:\repos\skidware-inject\skidware\build\etc\inventoryplayer.obj
e:\repos\skidware-inject\skidware\build\etc\itemstack.obj
e:\repos\skidware-inject\skidware\build\etc\jnihelper.obj
e:\repos\skidware-inject\skidware\build\etc\fullbright.obj
e:\repos\skidware-inject\skidware\build\etc\esp.obj
e:\repos\skidware-inject\skidware\build\etc\cavefinder.obj
e:\repos\skidware-inject\skidware\build\etc\entity.obj
e:\repos\skidware-inject\skidware\build\etc\minecraft.obj
e:\repos\skidware-inject\skidware\build\etc\entityplayersp.obj
e:\repos\skidware-inject\skidware\build\etc\string.obj
e:\repos\skidware-inject\skidware\build\etc\renderloop.obj
e:\repos\skidware-inject\skidware\build\etc\menu.obj
e:\repos\skidware-inject\skidware\build\etc\rendermenu.obj
e:\repos\skidware-inject\skidware\build\etc\wndproc.obj
e:\repos\skidware-inject\skidware\build\etc\wglswapbuffers.obj
e:\repos\skidware-inject\skidware\build\etc\trampoline.obj
e:\repos\skidware-inject\skidware\build\etc\hook.obj
e:\repos\skidware-inject\skidware\build\etc\hde64.obj
e:\repos\skidware-inject\skidware\build\etc\hde32.obj
e:\repos\skidware-inject\skidware\build\etc\buffer.obj
e:\repos\skidware-inject\skidware\build\etc\imgui_widgets.obj
e:\repos\skidware-inject\skidware\build\etc\imgui_tables.obj
e:\repos\skidware-inject\skidware\build\etc\imgui_impl_win32.obj
e:\repos\skidware-inject\skidware\build\etc\imgui_impl_opengl2.obj
e:\repos\skidware-inject\skidware\build\etc\imgui_draw.obj
e:\repos\skidware-inject\skidware\build\etc\imgui_demo.obj
e:\repos\skidware-inject\skidware\build\etc\vec3.obj
e:\repos\skidware-inject\skidware\build\etc\timer.obj
e:\repos\skidware-inject\skidware\build\etc\worldclient.obj
e:\repos\skidware-inject\skidware\build\etc\world.obj
e:\repos\skidware-inject\skidware\build\etc\main.obj
e:\repos\skidware-inject\skidware\build\etc\worldtoscreen.obj
e:\repos\skidware-inject\skidware\build\etc\math.obj
e:\repos\skidware-inject\skidware\build\etc\base.obj
e:\repos\skidware-inject\skidware\build\etc\java.obj
e:\repos\skidware-inject\skidware\build\etc\logger.obj
e:\repos\skidware-inject\skidware\build\etc\sdk.obj
e:\repos\skidware-inject\skidware\build\skidware 1.08.dll
e:\repos\skidware-inject\skidware\build\skidware 1.08.pdb
e:\dev\skidware-inject\skidware\build\etc\abstractmodule.obj
e:\dev\skidware-inject\skidware\build\etc\activerenderinfo.obj
e:\dev\skidware-inject\skidware\build\etc\aimassist.obj
e:\dev\skidware-inject\skidware\build\etc\antibot.obj
e:\dev\skidware-inject\skidware\build\etc\axisalignedbb.obj
e:\dev\skidware-inject\skidware\build\etc\base.obj
e:\dev\skidware-inject\skidware\build\etc\blink.obj
e:\dev\skidware-inject\skidware\build\etc\blockpos.obj
e:\dev\skidware-inject\skidware\build\etc\borderless.obj
e:\dev\skidware-inject\skidware\build\etc\buffer.obj
e:\dev\skidware-inject\skidware\build\etc\cavefinder.obj
e:\dev\skidware-inject\skidware\build\etc\chunk.obj
e:\dev\skidware-inject\skidware\build\etc\eagle.obj
e:\dev\skidware-inject\skidware\build\etc\entity.obj
e:\dev\skidware-inject\skidware\build\etc\entitylivingbase.obj
e:\dev\skidware-inject\skidware\build\etc\entityplayer.obj
e:\dev\skidware-inject\skidware\build\etc\entityplayersp.obj
e:\dev\skidware-inject\skidware\build\etc\esp.obj
e:\dev\skidware-inject\skidware\build\etc\eventupdate.obj
e:\dev\skidware-inject\skidware\build\etc\fastplace.obj
e:\dev\skidware-inject\skidware\build\etc\flight.obj
e:\dev\skidware-inject\skidware\build\etc\floatbuffer.obj
e:\dev\skidware-inject\skidware\build\etc\fullbright.obj
e:\dev\skidware-inject\skidware\build\etc\gamesettings.obj
e:\dev\skidware-inject\skidware\build\etc\hde32.obj
e:\dev\skidware-inject\skidware\build\etc\hde64.obj
e:\dev\skidware-inject\skidware\build\etc\hook.obj
e:\dev\skidware-inject\skidware\build\etc\imgui.obj
e:\dev\skidware-inject\skidware\build\etc\imgui_demo.obj
e:\dev\skidware-inject\skidware\build\etc\imgui_draw.obj
e:\dev\skidware-inject\skidware\build\etc\imgui_impl_opengl2.obj
e:\dev\skidware-inject\skidware\build\etc\imgui_impl_win32.obj
e:\dev\skidware-inject\skidware\build\etc\imgui_tables.obj
e:\dev\skidware-inject\skidware\build\etc\imgui_widgets.obj
e:\dev\skidware-inject\skidware\build\etc\inventoryplayer.obj
e:\dev\skidware-inject\skidware\build\etc\itemstack.obj
e:\dev\skidware-inject\skidware\build\etc\java.obj
e:\dev\skidware-inject\skidware\build\etc\jnihelper.obj
e:\dev\skidware-inject\skidware\build\etc\killaura.obj
e:\dev\skidware-inject\skidware\build\etc\leftautoclicker.obj
e:\dev\skidware-inject\skidware\build\etc\list.obj
e:\dev\skidware-inject\skidware\build\etc\logger.obj
e:\dev\skidware-inject\skidware\build\etc\longjump.obj
e:\dev\skidware-inject\skidware\build\etc\main.obj
e:\dev\skidware-inject\skidware\build\etc\math.obj
e:\dev\skidware-inject\skidware\build\etc\menu.obj
e:\dev\skidware-inject\skidware\build\etc\minecraft.obj
e:\dev\skidware-inject\skidware\build\etc\modulemanager.obj
e:\dev\skidware-inject\skidware\build\etc\movingobjectposition.obj
e:\dev\skidware-inject\skidware\build\etc\nofall.obj
e:\dev\skidware-inject\skidware\build\etc\reach.obj
e:\dev\skidware-inject\skidware\build\etc\renderloop.obj
e:\dev\skidware-inject\skidware\build\etc\rendermanager.obj
e:\dev\skidware-inject\skidware\build\etc\rendermenu.obj
e:\dev\skidware-inject\skidware\build\etc\rightautoclicker.obj
e:\dev\skidware-inject\skidware\build\etc\sdk.obj
e:\dev\skidware-inject\skidware\build\etc\set.obj
e:\dev\skidware-inject\skidware\build\etc\speed.obj
e:\dev\skidware-inject\skidware\build\etc\string.obj
e:\dev\skidware-inject\skidware\build\etc\timer.obj
e:\dev\skidware-inject\skidware\build\etc\timerhack.obj
e:\dev\skidware-inject\skidware\build\etc\trampoline.obj
e:\dev\skidware-inject\skidware\build\etc\vec3.obj
e:\dev\skidware-inject\skidware\build\etc\velocity.obj
e:\dev\skidware-inject\skidware\build\etc\walkingupdate.obj
e:\dev\skidware-inject\skidware\build\etc\wglswapbuffers.obj
e:\dev\skidware-inject\skidware\build\etc\wndproc.obj
e:\dev\skidware-inject\skidware\build\etc\world.obj
e:\dev\skidware-inject\skidware\build\etc\worldclient.obj
e:\dev\skidware-inject\skidware\build\etc\worldtoscreen.obj
e:\dev\skidware-inject\skidware\build\etc\wsa.obj
e:\dev\skidware-inject\skidware\build\etc\skidware 1.08.ipdb
e:\dev\skidware-inject\skidware\build\etc\skidware 1.08.iobj
e:\dev\skidware-inject\skidware\build\etc\vc143.idb
e:\dev\skidware-inject\skidware\build\etc\vc143.pdb
e:\dev\skidware-inject\skidware\build\skidware 1.08.pdb
e:\dev\skidware-inject\skidware\build\skidware 1.08.dll
e:\dev\skidware-inject\skidware\build\etc\skidware.vcxproj.filelistabsolute.txt
e:\dev\skidware-inject\skidware\build\etc\skidware 1.08.tlog\cl.command.1.tlog
e:\dev\skidware-inject\skidware\build\etc\skidware 1.08.tlog\cl.read.1.tlog
e:\dev\skidware-inject\skidware\build\etc\skidware 1.08.tlog\cl.write.1.tlog
e:\dev\skidware-inject\skidware\build\etc\skidware 1.08.tlog\link.command.1.tlog
e:\dev\skidware-inject\skidware\build\etc\skidware 1.08.tlog\link.read.1.tlog
e:\dev\skidware-inject\skidware\build\etc\skidware 1.08.tlog\link.write.1.tlog
