  EventUpdate.hpp
  WalkingUpdate.cpp
E:\Repos\Skidware-Inject\Skidware\src\base\moduleManager\commonData.h(62,1): warning C4305: 'initializing': truncation from 'double' to 'float'
  WSA.cpp
  AbstractModule.cpp
  ModuleManager.cpp
  flight.cpp
E:\Repos\Skidware-Inject\Skidware\src\base\moduleManager\commonData.h(62,1): warning C4305: 'initializing': truncation from 'double' to 'float'
E:\Repos\Skidware-Inject\Skidware\src\base\moduleManager\modules\blatent\flight.cpp(73,54): warning C4305: 'argument': truncation from '__int64' to 'const float'
  killaura.cpp
E:\Repos\Skidware-Inject\Skidware\src\base\moduleManager\commonData.h(62,1): warning C4305: 'initializing': truncation from 'double' to 'float'
E:\Repos\Skidware-Inject\Skidware\src\base\moduleManager\modules\blatent\killaura.cpp(77,23): warning C4244: 'initializing': conversion from 'double' to 'float', possible loss of data
E:\Repos\Skidware-Inject\Skidware\src\base\moduleManager\modules\blatent\killaura.cpp(90,15): warning C4244: 'initializing': conversion from 'double' to 'float', possible loss of data
E:\Repos\Skidware-Inject\Skidware\src\base\moduleManager\modules\blatent\killaura.cpp(133,17): warning C4244: 'initializing': conversion from 'double' to 'float', possible loss of data
E:\Repos\Skidware-Inject\Skidware\src\base\moduleManager\modules\blatent\killaura.cpp(164,44): warning C4305: 'argument': truncation from 'double' to 'const float'
E:\Repos\Skidware-Inject\Skidware\src\base\moduleManager\modules\blatent\killaura.cpp(169,44): warning C4305: 'argument': truncation from 'double' to 'const float'
E:\Repos\Skidware-Inject\Skidware\src\base\moduleManager\modules\blatent\killaura.cpp(189,13): warning C4244: 'initializing': conversion from '_Rep' to 'long', possible loss of data
          with
          [
              _Rep=__int64
          ]
E:\Repos\Skidware-Inject\Skidware\src\base\moduleManager\modules\blatent\killaura.cpp(209,30): warning C4305: 'argument': truncation from 'double' to 'const float'
E:\Repos\Skidware-Inject\Skidware\src\base\moduleManager\modules\blatent\killaura.cpp(224,64): warning C4244: 'argument': conversion from 'float' to '_Ty', possible loss of data
          with
          [
              _Ty=int
          ]
E:\Repos\Skidware-Inject\Skidware\src\base\moduleManager\modules\blatent\killaura.cpp(224,46): warning C4244: 'argument': conversion from 'float' to '_Ty', possible loss of data
          with
          [
              _Ty=int
          ]
  longjump.cpp
E:\Repos\Skidware-Inject\Skidware\src\base\moduleManager\commonData.h(62,1): warning C4305: 'initializing': truncation from 'double' to 'float'
  nofall.cpp
E:\Repos\Skidware-Inject\Skidware\src\base\moduleManager\commonData.h(62,1): warning C4305: 'initializing': truncation from 'double' to 'float'
E:\Repos\Skidware-Inject\Skidware\src\base\moduleManager\modules\blatent\nofall.cpp(43,66): warning C4305: 'argument': truncation from 'double' to 'const float'
  speed.cpp
E:\Repos\Skidware-Inject\Skidware\src\base\moduleManager\commonData.h(62,1): warning C4305: 'initializing': truncation from 'double' to 'float'
E:\Repos\Skidware-Inject\Skidware\src\base\moduleManager\modules\blatent\speed.cpp(47,44): warning C4305: 'argument': truncation from '__int64' to 'const float'
E:\Repos\Skidware-Inject\Skidware\src\base\moduleManager\modules\blatent\speed.cpp(66,45): warning C4305: 'argument': truncation from '__int64' to 'const float'
E:\Repos\Skidware-Inject\Skidware\src\base\moduleManager\modules\blatent\speed.cpp(74,58): warning C4305: 'argument': truncation from '__int64' to 'const float'
E:\Repos\Skidware-Inject\Skidware\src\base\moduleManager\modules\blatent\speed.cpp(74,58): warning C4305: 'argument': truncation from 'double' to 'const float'
E:\Repos\Skidware-Inject\Skidware\src\base\moduleManager\modules\blatent\speed.cpp(78,45): warning C4305: 'argument': truncation from '__int64' to 'const float'
E:\Repos\Skidware-Inject\Skidware\src\base\moduleManager\modules\blatent\speed.cpp(101,64): warning C4390: ';': empty controlled statement found; is this the intent?
  timerhack.cpp
E:\Repos\Skidware-Inject\Skidware\src\base\moduleManager\commonData.h(62,1): warning C4305: 'initializing': truncation from 'double' to 'float'
E:\Repos\Skidware-Inject\Skidware\src\base\moduleManager\modules\blatent\timerhack.cpp(51,45): warning C4305: 'argument': truncation from 'double' to 'float'
E:\Repos\Skidware-Inject\Skidware\src\base\moduleManager\modules\blatent\timerhack.cpp(70,55): warning C4305: 'argument': truncation from 'double' to 'float'
E:\Repos\Skidware-Inject\Skidware\src\base\moduleManager\modules\blatent\timerhack.cpp(73,58): warning C4305: 'argument': truncation from 'double' to 'float'
E:\Repos\Skidware-Inject\Skidware\src\base\moduleManager\modules\blatent\timerhack.cpp(74,62): warning C4305: 'argument': truncation from 'double' to 'float'
E:\Repos\Skidware-Inject\Skidware\src\base\moduleManager\modules\blatent\timerhack.cpp(74,62): warning C4305: 'argument': truncation from '__int64' to 'int'
E:\Repos\Skidware-Inject\Skidware\src\base\moduleManager\modules\blatent\timerhack.cpp(74,24): warning C4309: 'argument': truncation of constant value
E:\Repos\Skidware-Inject\Skidware\src\base\moduleManager\modules\blatent\timerhack.cpp(77,55): warning C4305: 'argument': truncation from 'double' to 'float'
E:\Repos\Skidware-Inject\Skidware\src\base\moduleManager\modules\blatent\timerhack.cpp(78,73): warning C4305: 'argument': truncation from '__int64' to 'int'
E:\Repos\Skidware-Inject\Skidware\src\base\moduleManager\modules\blatent\timerhack.cpp(78,24): warning C4309: 'argument': truncation of constant value
  leftAutoClicker.cpp
E:\Repos\Skidware-Inject\Skidware\src\base\moduleManager\modules\clicker\leftAutoClicker.cpp(36,13): warning C4244: 'initializing': conversion from '_Rep' to 'long', possible loss of data
          with
          [
              _Rep=__int64
          ]
E:\Repos\Skidware-Inject\Skidware\src\base\moduleManager\modules\clicker\leftAutoClicker.cpp(59,90): warning C4244: 'argument': conversion from 'float' to '_Ty', possible loss of data
          with
          [
              _Ty=int
          ]
E:\Repos\Skidware-Inject\Skidware\src\base\moduleManager\modules\clicker\leftAutoClicker.cpp(59,60): warning C4244: 'argument': conversion from 'float' to '_Ty', possible loss of data
          with
          [
              _Ty=int
          ]
  rightAutoClicker.cpp
E:\Repos\Skidware-Inject\Skidware\src\base\moduleManager\modules\clicker\rightAutoClicker.cpp(41,13): warning C4244: 'initializing': conversion from '_Rep' to 'long', possible loss of data
          with
          [
              _Rep=__int64
          ]
E:\Repos\Skidware-Inject\Skidware\src\base\moduleManager\modules\clicker\rightAutoClicker.cpp(55,66): warning C4244: 'argument': conversion from 'float' to '_Ty', possible loss of data
          with
          [
              _Ty=int
          ]
E:\Repos\Skidware-Inject\Skidware\src\base\moduleManager\modules\clicker\rightAutoClicker.cpp(55,47): warning C4244: 'argument': conversion from 'float' to '_Ty', possible loss of data
          with
          [
              _Ty=int
          ]
  aimAssist.cpp
E:\Repos\Skidware-Inject\Skidware\src\base\moduleManager\commonData.h(62,1): warning C4305: 'initializing': truncation from 'double' to 'float'
E:\Repos\Skidware-Inject\Skidware\src\base\moduleManager\modules\combat\aimAssist.cpp(96,23): warning C4244: 'initializing': conversion from 'double' to 'float', possible loss of data
E:\Repos\Skidware-Inject\Skidware\src\base\moduleManager\modules\combat\aimAssist.cpp(109,15): warning C4244: 'initializing': conversion from 'double' to 'float', possible loss of data
E:\Repos\Skidware-Inject\Skidware\src\base\moduleManager\modules\combat\aimAssist.cpp(152,16): warning C4244: 'initializing': conversion from 'double' to 'float', possible loss of data
E:\Repos\Skidware-Inject\Skidware\src\base\moduleManager\modules\combat\aimAssist.cpp(192,43): warning C4305: 'argument': truncation from 'double' to 'const float'
E:\Repos\Skidware-Inject\Skidware\src\base\moduleManager\modules\combat\aimAssist.cpp(197,43): warning C4305: 'argument': truncation from 'double' to 'const float'
E:\Repos\Skidware-Inject\Skidware\src\base\moduleManager\modules\combat\aimAssist.cpp(219,22): warning C4244: 'initializing': conversion from 'double' to 'float', possible loss of data
E:\Repos\Skidware-Inject\Skidware\src\base\moduleManager\modules\combat\aimAssist.cpp(221,139): warning C4244: 'argument': conversion from 'float' to 'int', possible loss of data
E:\Repos\Skidware-Inject\Skidware\src\base\moduleManager\modules\combat\aimAssist.cpp(229,144): warning C4244: 'argument': conversion from 'float' to 'int', possible loss of data
E:\Repos\Skidware-Inject\Skidware\src\base\moduleManager\modules\combat\aimAssist.cpp(229,130): warning C4244: 'argument': conversion from 'float' to 'int', possible loss of data
E:\Repos\Skidware-Inject\Skidware\src\base\moduleManager\modules\combat\aimAssist.cpp(255,71): warning C4305: 'argument': truncation from '__int64' to 'int'
E:\Repos\Skidware-Inject\Skidware\src\base\moduleManager\modules\combat\aimAssist.cpp(255,29): warning C4309: 'argument': truncation of constant value
E:\Repos\Skidware-Inject\Skidware\src\base\moduleManager\modules\combat\aimAssist.cpp(259,67): warning C4305: 'argument': truncation from '__int64' to 'int'
E:\Repos\Skidware-Inject\Skidware\src\base\moduleManager\modules\combat\aimAssist.cpp(259,23): warning C4309: 'argument': truncation of constant value
E:\Repos\Skidware-Inject\Skidware\src\base\moduleManager\modules\combat\aimAssist.cpp(261,78): warning C4305: 'argument': truncation from '__int64' to 'int'
E:\Repos\Skidware-Inject\Skidware\src\base\moduleManager\modules\combat\aimAssist.cpp(261,23): warning C4309: 'argument': truncation of constant value
E:\Repos\Skidware-Inject\Skidware\src\base\moduleManager\modules\combat\aimAssist.cpp(263,81): warning C4305: 'argument': truncation from '__int64' to 'int'
E:\Repos\Skidware-Inject\Skidware\src\base\moduleManager\modules\combat\aimAssist.cpp(263,29): warning C4309: 'argument': truncation of constant value
E:\Repos\Skidware-Inject\Skidware\src\base\moduleManager\modules\combat\aimAssist.cpp(271,66): warning C4305: 'argument': truncation from 'double' to 'float'
E:\Repos\Skidware-Inject\Skidware\src\base\moduleManager\modules\combat\aimAssist.cpp(272,73): warning C4305: 'argument': truncation from 'double' to 'float'
E:\Repos\Skidware-Inject\Skidware\src\base\moduleManager\modules\combat\aimAssist.cpp(273,70): warning C4305: 'argument': truncation from 'double' to 'float'
E:\Repos\Skidware-Inject\Skidware\src\base\moduleManager\modules\combat\aimAssist.cpp(282,80): warning C4305: 'argument': truncation from '__int64' to 'int'
E:\Repos\Skidware-Inject\Skidware\src\base\moduleManager\modules\combat\aimAssist.cpp(282,29): warning C4309: 'argument': truncation of constant value
E:\Repos\Skidware-Inject\Skidware\src\base\moduleManager\modules\combat\aimAssist.cpp(287,23): warning C4309: 'argument': truncation of constant value
E:\Repos\Skidware-Inject\Skidware\src\base\moduleManager\modules\combat\aimAssist.cpp(288,83): warning C4305: 'argument': truncation from '__int64' to 'int'
E:\Repos\Skidware-Inject\Skidware\src\base\moduleManager\modules\combat\aimAssist.cpp(288,23): warning C4309: 'argument': truncation of constant value
E:\Repos\Skidware-Inject\Skidware\src\base\moduleManager\modules\combat\aimAssist.cpp(292,72): warning C4305: 'argument': truncation from '__int64' to 'int'
E:\Repos\Skidware-Inject\Skidware\src\base\moduleManager\modules\combat\aimAssist.cpp(292,29): warning C4309: 'argument': truncation of constant value
E:\Repos\Skidware-Inject\Skidware\src\base\moduleManager\modules\combat\aimAssist.cpp(293,90): warning C4305: 'argument': truncation from '__int64' to 'int'
E:\Repos\Skidware-Inject\Skidware\src\base\moduleManager\modules\combat\aimAssist.cpp(293,29): warning C4309: 'argument': truncation of constant value
  antibot.cpp
E:\Repos\Skidware-Inject\Skidware\src\base\moduleManager\commonData.h(62,1): warning C4305: 'initializing': truncation from 'double' to 'float'
  reach.cpp
E:\Repos\Skidware-Inject\Skidware\src\base\moduleManager\commonData.h(62,1): warning C4305: 'initializing': truncation from 'double' to 'float'
  velocity.cpp
E:\Repos\Skidware-Inject\Skidware\src\base\moduleManager\commonData.h(62,1): warning C4305: 'initializing': truncation from 'double' to 'float'
E:\Repos\Skidware-Inject\Skidware\src\base\moduleManager\modules\combat\velocity.cpp(70,78): warning C4305: 'argument': truncation from '__int64' to 'int'
E:\Repos\Skidware-Inject\Skidware\src\base\moduleManager\modules\combat\velocity.cpp(70,23): warning C4309: 'argument': truncation of constant value
  blink.cpp
E:\Repos\Skidware-Inject\Skidware\src\base\moduleManager\commonData.h(62,1): warning C4305: 'initializing': truncation from 'double' to 'float'
  eagle.cpp
E:\Repos\Skidware-Inject\Skidware\src\base\moduleManager\commonData.h(62,1): warning C4305: 'initializing': truncation from 'double' to 'float'
  fastplace.cpp
E:\Repos\Skidware-Inject\Skidware\src\base\moduleManager\commonData.h(62,1): warning C4305: 'initializing': truncation from 'double' to 'float'
  Generating Code...
  Compiling...
  cavefinder.cpp
E:\Repos\Skidware-Inject\Skidware\src\base\moduleManager\commonData.h(62,1): warning C4305: 'initializing': truncation from 'double' to 'float'
  esp.cpp
E:\Repos\Skidware-Inject\Skidware\src\base\moduleManager\commonData.h(62,1): warning C4305: 'initializing': truncation from 'double' to 'float'
E:\Repos\Skidware-Inject\Skidware\src\base\moduleManager\modules\visual\esp.cpp(79,14): warning C4244: 'initializing': conversion from 'double' to 'float', possible loss of data
E:\Repos\Skidware-Inject\Skidware\src\base\moduleManager\modules\visual\esp.cpp(99,26): warning C4305: '/=': truncation from 'double' to 'float'
E:\Repos\Skidware-Inject\Skidware\src\base\moduleManager\modules\visual\esp.cpp(231,23): warning C4244: 'initializing': conversion from 'double' to 'float', possible loss of data
  fullbright.cpp
E:\Repos\Skidware-Inject\Skidware\src\base\moduleManager\commonData.h(62,1): warning C4305: 'initializing': truncation from 'double' to 'float'
  JNIHelper.cpp
  ItemStack.cpp
  InventoryPlayer.cpp
  BlockPos.cpp
E:\Repos\Skidware-Inject\Skidware\src\base\sdk\net\minecraft\util\BlockPos.cpp(35,26): warning C4244: 'argument': conversion from 'jint' to 'const float', possible loss of data
E:\Repos\Skidware-Inject\Skidware\src\base\sdk\net\minecraft\util\BlockPos.cpp(35,23): warning C4244: 'argument': conversion from 'jint' to 'const float', possible loss of data
E:\Repos\Skidware-Inject\Skidware\src\base\sdk\net\minecraft\util\BlockPos.cpp(35,20): warning C4244: 'argument': conversion from 'jint' to 'const float', possible loss of data
  MovingObjectPosition.cpp
  AxisAlignedBB.cpp
  GameSettings.cpp
  Chunk.cpp
  borderless.cpp
  RenderManager.cpp
  FloatBuffer.cpp
  ActiveRenderInfo.cpp
  Set.cpp
  EntityLivingBase.cpp
  List.cpp
  EntityPlayer.cpp
  imgui.cpp
  Generating Code...
  Compiling...
  imgui_demo.cpp
  imgui_draw.cpp
  imgui_impl_opengl2.cpp
  imgui_impl_win32.cpp
  imgui_tables.cpp
  imgui_widgets.cpp
E:\Repos\Skidware-Inject\Skidware\ext\imgui\imgui_widgets.cpp(3048,167): warning C4244: 'argument': conversion from 'const float' to 'ImDrawFlags', possible loss of data
  buffer.cpp
  hde32.cpp
  hde64.cpp
  hook.cpp
  trampoline.cpp
  wglSwapBuffers.cpp
E:\Repos\Skidware-Inject\Skidware\src\base\moduleManager\commonData.h(62,1): warning C4305: 'initializing': truncation from 'double' to 'float'
E:\Repos\Skidware-Inject\Skidware\src\base\menu\hooks\wglSwapBuffers.cpp(130,66): warning C4305: 'argument': truncation from 'double' to 'float'
E:\Repos\Skidware-Inject\Skidware\src\base\menu\hooks\wglSwapBuffers.cpp(135,65): warning C4305: 'argument': truncation from 'double' to 'float'
E:\Repos\Skidware-Inject\Skidware\src\base\menu\hooks\wglSwapBuffers.cpp(136,72): warning C4305: 'argument': truncation from 'double' to 'float'
E:\Repos\Skidware-Inject\Skidware\src\base\menu\hooks\wglSwapBuffers.cpp(137,71): warning C4305: 'argument': truncation from 'double' to 'float'
E:\Repos\Skidware-Inject\Skidware\src\base\menu\hooks\wglSwapBuffers.cpp(138,65): warning C4305: 'argument': truncation from 'double' to 'float'
E:\Repos\Skidware-Inject\Skidware\src\base\menu\hooks\wglSwapBuffers.cpp(139,71): warning C4305: 'argument': truncation from 'double' to 'float'
E:\Repos\Skidware-Inject\Skidware\src\base\menu\hooks\wglSwapBuffers.cpp(140,74): warning C4305: 'argument': truncation from 'double' to 'float'
E:\Repos\Skidware-Inject\Skidware\src\base\menu\hooks\wglSwapBuffers.cpp(147,61): warning C4305: 'argument': truncation from 'double' to 'float'
E:\Repos\Skidware-Inject\Skidware\src\base\menu\hooks\wglSwapBuffers.cpp(155,63): warning C4305: 'argument': truncation from 'double' to 'float'
  wndProc.cpp
E:\Repos\Skidware-Inject\Skidware\src\base\menu\hooks\wndProc.cpp(42,46): warning C4244: 'argument': conversion from 'WPARAM' to 'int', possible loss of data
  renderMenu.cpp
E:\Repos\Skidware-Inject\Skidware\src\base\moduleManager\commonData.h(62,1): warning C4305: 'initializing': truncation from 'double' to 'float'
E:\Repos\Skidware-Inject\Skidware\src\base\menu\renderMenu.cpp(396,70): warning C4305: 'argument': truncation from 'double' to 'float'
E:\Repos\Skidware-Inject\Skidware\src\base\menu\renderMenu.cpp(397,75): warning C4305: 'argument': truncation from 'double' to 'float'
E:\Repos\Skidware-Inject\Skidware\src\base\menu\renderMenu.cpp(398,71): warning C4305: 'argument': truncation from 'double' to 'float'
E:\Repos\Skidware-Inject\Skidware\src\base\extension\config.h(42,16): warning C4244: 'return': conversion from 'double' to 'tg', possible loss of data
          with
          [
              tg=float
          ]
E:\Repos\Skidware-Inject\Skidware\src\base\menu\renderMenu.cpp(138,89): message : see reference to function template instantiation 'tg Config::get<float>(std::string)' being compiled
          with
          [
              tg=float
          ]
E:\Repos\Skidware-Inject\Skidware\src\base\extension\config.h(42,16): warning C4244: 'return': conversion from 'double' to 'tg', possible loss of data
          with
          [
              tg=int
          ]
E:\Repos\Skidware-Inject\Skidware\src\base\menu\renderMenu.cpp(193,63): message : see reference to function template instantiation 'tg Config::get<int>(std::string)' being compiled
          with
          [
              tg=int
          ]
  menu.cpp
  renderLoop.cpp
E:\Repos\Skidware-Inject\Skidware\src\base\moduleManager\commonData.h(62,1): warning C4305: 'initializing': truncation from 'double' to 'float'
E:\Repos\Skidware-Inject\Skidware\src\base\renderLoop.cpp(92,47): warning C4244: 'argument': conversion from 'int' to 'float', possible loss of data
E:\Repos\Skidware-Inject\Skidware\src\base\renderLoop.cpp(96,47): warning C4244: 'argument': conversion from 'int' to 'float', possible loss of data
E:\Repos\Skidware-Inject\Skidware\src\base\renderLoop.cpp(100,47): warning C4244: 'argument': conversion from 'int' to 'float', possible loss of data
E:\Repos\Skidware-Inject\Skidware\src\base\renderLoop.cpp(104,47): warning C4244: 'argument': conversion from 'int' to 'float', possible loss of data
E:\Repos\Skidware-Inject\Skidware\src\base\renderLoop.cpp(108,47): warning C4244: 'argument': conversion from 'int' to 'float', possible loss of data
E:\Repos\Skidware-Inject\Skidware\src\base\renderLoop.cpp(112,47): warning C4244: 'argument': conversion from 'int' to 'float', possible loss of data
E:\Repos\Skidware-Inject\Skidware\src\base\renderLoop.cpp(116,47): warning C4244: 'argument': conversion from 'int' to 'float', possible loss of data
E:\Repos\Skidware-Inject\Skidware\src\base\renderLoop.cpp(120,47): warning C4244: 'argument': conversion from 'int' to 'float', possible loss of data
E:\Repos\Skidware-Inject\Skidware\src\base\renderLoop.cpp(124,47): warning C4244: 'argument': conversion from 'int' to 'float', possible loss of data
E:\Repos\Skidware-Inject\Skidware\src\base\renderLoop.cpp(128,47): warning C4244: 'argument': conversion from 'int' to 'float', possible loss of data
E:\Repos\Skidware-Inject\Skidware\src\base\renderLoop.cpp(133,48): warning C4244: 'argument': conversion from 'int' to 'float', possible loss of data
E:\Repos\Skidware-Inject\Skidware\src\base\renderLoop.cpp(136,48): warning C4244: 'argument': conversion from 'int' to 'float', possible loss of data
E:\Repos\Skidware-Inject\Skidware\src\base\renderLoop.cpp(142,47): warning C4244: 'argument': conversion from 'int' to 'float', possible loss of data
E:\Repos\Skidware-Inject\Skidware\src\base\renderLoop.cpp(146,47): warning C4244: 'argument': conversion from 'int' to 'float', possible loss of data
E:\Repos\Skidware-Inject\Skidware\src\base\renderLoop.cpp(151,47): warning C4244: 'argument': conversion from 'int' to 'float', possible loss of data
E:\Repos\Skidware-Inject\Skidware\src\base\renderLoop.cpp(155,47): warning C4244: 'argument': conversion from 'int' to 'float', possible loss of data
E:\Repos\Skidware-Inject\Skidware\src\base\renderLoop.cpp(159,47): warning C4244: 'argument': conversion from 'int' to 'float', possible loss of data
E:\Repos\Skidware-Inject\Skidware\src\base\renderLoop.cpp(164,47): warning C4244: 'argument': conversion from 'int' to 'float', possible loss of data
  String.cpp
  EntityPlayerSP.cpp
E:\Repos\Skidware-Inject\Skidware\src\base\moduleManager\commonData.h(62,1): warning C4305: 'initializing': truncation from 'double' to 'float'
E:\Repos\Skidware-Inject\Skidware\src\base\sdk\net\minecraft\client\entity\EntityPlayerSP.cpp(185,11): warning C4244: 'initializing': conversion from 'double' to 'float', possible loss of data
E:\Repos\Skidware-Inject\Skidware\src\base\sdk\net\minecraft\client\entity\EntityPlayerSP.cpp(186,11): warning C4244: 'initializing': conversion from 'double' to 'float', possible loss of data
E:\Repos\Skidware-Inject\Skidware\src\base\sdk\net\minecraft\client\entity\EntityPlayerSP.cpp(187,67): warning C4305: 'argument': truncation from '__int64' to 'const float'
  Minecraft.cpp
  Entity.cpp
E:\Repos\Skidware-Inject\Skidware\src\base\sdk\net\minecraft\entity\Entity.cpp(122,33): warning C4244: 'return': conversion from 'jfloat' to 'int', possible loss of data
  Generating Code...
E:\Repos\Skidware-Inject\Skidware\src\base\extension\config.h(45): warning C4715: 'Config::get<bool>': not all control paths return a value
E:\Repos\Skidware-Inject\Skidware\src\base\extension\config.h(45): warning C4715: 'Config::get<float>': not all control paths return a value
E:\Repos\Skidware-Inject\Skidware\src\base\extension\config.h(45): warning C4715: 'Config::get<int>': not all control paths return a value
  Compiling...
  sdk.cpp
  logger.cpp
  java.cpp
  base.cpp
E:\Repos\Skidware-Inject\Skidware\src\base\moduleManager\commonData.h(62,1): warning C4305: 'initializing': truncation from 'double' to 'float'
  math.cpp
E:\Repos\Skidware-Inject\Skidware\src\base\util\math\math.cpp(65,33): warning C4244: 'argument': conversion from 'double' to 'float', possible loss of data
E:\Repos\Skidware-Inject\Skidware\src\base\util\math\math.cpp(66,30): warning C4244: 'argument': conversion from 'double' to 'float', possible loss of data
E:\Repos\Skidware-Inject\Skidware\src\base\util\math\math.cpp(73,19): warning C4244: 'return': conversion from 'double' to 'float', possible loss of data
E:\Repos\Skidware-Inject\Skidware\src\base\util\math\math.cpp(78,16): warning C4244: 'return': conversion from 'double' to 'float', possible loss of data
  worldToScreen.cpp
  main.cpp
  World.cpp
  WorldClient.cpp
  Timer.cpp
  Vec3.cpp
  Generating Code...
E:\Repos\Skidware-Inject\Skidware\src\base\base.cpp(52): warning C4172: returning address of local variable or temporary: windowTitle
LINK : warning LNK4075: ignoring '/INCREMENTAL' due to '/FORCE' specification
leftAutoClicker.obj : warning LNK4006: "long lastClickTime" (?lastClickTime@@3JA) already defined in killaura.obj; second definition ignored
leftAutoClicker.obj : warning LNK4006: "int nextCps" (?nextCps@@3HA) already defined in killaura.obj; second definition ignored
E:\Repos\Skidware-Inject\Skidware\build\Skidware 1.08.dll : warning LNK4088: image being generated due to /FORCE option; image may not run
  Skidware.vcxproj -> E:\Repos\Skidware-Inject\Skidware\build\Skidware 1.08.dll
